==============================================================================
20180126 11:57:06.865 - INFO - + START SUITE: Acceptancetest [ ]
==============================================================================
20180126 11:57:06.899 - INFO - +- START SUITE: Acceptancetest.HelloWorldTests [ ]
==============================================================================
20180126 11:57:06.903 - INFO - +-- START TEST: Say Hello [ ]
------------------------------------------------------------------------------
20180126 11:57:06.907 - INFO - +--- START KW: keywords.CustomKeywords.Greet Everyone [ ]
20180126 11:57:06.910 - INFO - +--- END KW: keywords.CustomKeywords.Greet Everyone (3)
------------------------------------------------------------------------------
20180126 11:57:06.914 - INFO - +-- END TEST: Say Hello (9)
------------------------------------------------------------------------------
20180126 11:57:06.916 - INFO - +-- START TEST: Say Hello In Pig Latin [ ]
------------------------------------------------------------------------------
20180126 11:57:06.919 - INFO - +--- START KW: keywords.CustomKeywords.Reverse Greet Everyone [ ]
20180126 11:57:06.921 - INFO - +--- END KW: keywords.CustomKeywords.Reverse Greet Everyone (1)
------------------------------------------------------------------------------
20180126 11:57:06.923 - INFO - +-- END TEST: Say Hello In Pig Latin (6)
------------------------------------------------------------------------------
20180126 11:57:06.925 - INFO - +-- START TEST: Make Sure You're Saying Hello [ ]
------------------------------------------------------------------------------
20180126 11:57:06.927 - INFO - +--- START KW: keywords.CustomKeywords.Greet Everyone [ ]
20180126 11:57:06.931 - INFO - ${result} = hello world
20180126 11:57:06.933 - INFO - +--- END KW: keywords.CustomKeywords.Greet Everyone (5)
~~~~~~~~~~~~~~~~~~~~~~~~~~~~~~~~~~~~~~~~~~~~~~~~~~~~~~~~~~~~~~~~~~~~~~~~~~~~~~
20180126 11:57:06.934 - INFO - +--- START KW: BuiltIn.Should Be Equal [ ${result} | hello world ]
20180126 11:57:06.939 - INFO - +--- END KW: BuiltIn.Should Be Equal (6)
------------------------------------------------------------------------------
20180126 11:57:06.942 - INFO - +-- END TEST: Make Sure You're Saying Hello (16)
------------------------------------------------------------------------------
20180126 11:57:06.944 - INFO - +-- START TEST: Make A Test That Fails [ ]
------------------------------------------------------------------------------
20180126 11:57:06.948 - INFO - +--- START KW: keywords.CustomKeywords.Reverse Greet Everyone [ ]
20180126 11:57:06.951 - INFO - ${result} = dlrow olleh
20180126 11:57:06.953 - INFO - +--- END KW: keywords.CustomKeywords.Reverse Greet Everyone (5)
~~~~~~~~~~~~~~~~~~~~~~~~~~~~~~~~~~~~~~~~~~~~~~~~~~~~~~~~~~~~~~~~~~~~~~~~~~~~~~
20180126 11:57:06.953 - INFO - +--- START KW: BuiltIn.Should Be Equal [ ${result} | dlrow olleh ]
20180126 11:57:06.957 - INFO - +--- END KW: BuiltIn.Should Be Equal (3)
------------------------------------------------------------------------------
20180126 11:57:06.961 - INFO - +-- END TEST: Make A Test That Fails (15)
------------------------------------------------------------------------------
20180126 11:57:06.971 - INFO - +- END SUITE: Acceptancetest.HelloWorldTests (95)
==============================================================================
20180126 11:57:06.978 - INFO - + END SUITE: Acceptancetest (366)
==============================================================================
